<?xml version="1.0" encoding="UTF-8"?>
<testsuite name="com.ljw.eatgo.domain.RestaurantTests" tests="2" skipped="0" failures="0" errors="0" timestamp="2020-08-10T11:56:50" hostname="ijin-uui-MacBookPro.local" time="0.013">
  <properties/>
  <testcase name="infomation()" classname="com.ljw.eatgo.domain.RestaurantTests" time="0.011"/>
  <testcase name="createion()" classname="com.ljw.eatgo.domain.RestaurantTests" time="0.001"/>
  <system-out><![CDATA[]]></system-out>
  <system-err><![CDATA[]]></system-err>
</testsuite>
