<?xml version="1.0" encoding="UTF-8"?>
<testsuite name="com.ljw.eatgo.interfaces.RestaurantControllerTest" tests="3" skipped="0" failures="0" errors="0" timestamp="2020-08-10T11:56:58" hostname="ijin-uui-MacBookPro.local" time="0.131">
  <properties/>
  <testcase name="list" classname="com.ljw.eatgo.interfaces.RestaurantControllerTest" time="0.089"/>
  <testcase name="detailWithNotExisted" classname="com.ljw.eatgo.interfaces.RestaurantControllerTest" time="0.018"/>
  <testcase name="detailIsExisted" classname="com.ljw.eatgo.interfaces.RestaurantControllerTest" time="0.02"/>
  <system-out><![CDATA[20:56:52.149 [Test worker] DEBUG org.springframework.test.annotation.ProfileValueUtils - Retrieved @ProfileValueSourceConfiguration [null] for test class [com.ljw.eatgo.interfaces.RestaurantControllerTest]
20:56:52.149 [Test worker] DEBUG org.springframework.test.annotation.ProfileValueUtils - Retrieved ProfileValueSource type [class org.springframework.test.annotation.SystemProfileValueSource] for class [com.ljw.eatgo.interfaces.RestaurantControllerTest]
20:56:52.150 [Test worker] DEBUG org.springframework.test.annotation.ProfileValueUtils - Retrieved @ProfileValueSourceConfiguration [null] for test class [com.ljw.eatgo.interfaces.RestaurantControllerTest]
20:56:52.150 [Test worker] DEBUG org.springframework.test.annotation.ProfileValueUtils - Retrieved ProfileValueSource type [class org.springframework.test.annotation.SystemProfileValueSource] for class [com.ljw.eatgo.interfaces.RestaurantControllerTest]
20:56:52.152 [Test worker] DEBUG org.springframework.test.context.support.AbstractDirtiesContextTestExecutionListener - Before test class: context [DefaultTestContext@1b44c641 testClass = RestaurantControllerTest, testInstance = [null], testMethod = [null], testException = [null], mergedContextConfiguration = [WebMergedContextConfiguration@4a2674f9 testClass = RestaurantControllerTest, locations = '{}', classes = '{class com.ljw.eatgo.EatgoCustomerApiApplication}', contextInitializerClasses = '[]', activeProfiles = '{}', propertySourceLocations = '{}', propertySourceProperties = '{org.springframework.boot.test.autoconfigure.web.servlet.WebMvcTestContextBootstrapper=true}', contextCustomizers = set[org.springframework.boot.test.autoconfigure.OverrideAutoConfigurationContextCustomizerFactory$DisableAutoConfigurationContextCustomizer@4004b81e, org.springframework.boot.test.autoconfigure.filter.TypeExcludeFiltersContextCustomizer@a754b6ed, org.springframework.boot.test.autoconfigure.properties.PropertyMappingContextCustomizer@197e2a45, org.springframework.boot.test.autoconfigure.web.servlet.WebDriverContextCustomizerFactory$Customizer@420c132, [ImportsContextCustomizer@3704c1cb key = [org.springframework.boot.autoconfigure.cache.CacheAutoConfiguration, org.springframework.boot.autoconfigure.context.MessageSourceAutoConfiguration, org.springframework.boot.autoconfigure.data.web.SpringDataWebAutoConfiguration, org.springframework.boot.autoconfigure.freemarker.FreeMarkerAutoConfiguration, org.springframework.boot.autoconfigure.groovy.template.GroovyTemplateAutoConfiguration, org.springframework.boot.autoconfigure.gson.GsonAutoConfiguration, org.springframework.boot.autoconfigure.hateoas.HypermediaAutoConfiguration, org.springframework.boot.autoconfigure.http.HttpMessageConvertersAutoConfiguration, org.springframework.boot.autoconfigure.jackson.JacksonAutoConfiguration, org.springframework.boot.autoconfigure.jsonb.JsonbAutoConfiguration, org.springframework.boot.autoconfigure.mustache.MustacheAutoConfiguration, org.springframework.boot.autoconfigure.task.TaskExecutionAutoConfiguration, org.springframework.boot.autoconfigure.thymeleaf.ThymeleafAutoConfiguration, org.springframework.boot.autoconfigure.validation.ValidationAutoConfiguration, org.springframework.boot.autoconfigure.web.servlet.error.ErrorMvcAutoConfiguration, org.springframework.boot.autoconfigure.web.servlet.WebMvcAutoConfiguration, org.springframework.boot.test.autoconfigure.web.servlet.MockMvcAutoConfiguration, org.springframework.boot.test.autoconfigure.web.servlet.MockMvcWebClientAutoConfiguration, org.springframework.boot.test.autoconfigure.web.servlet.MockMvcWebDriverAutoConfiguration, org.springframework.boot.autoconfigure.security.oauth2.client.servlet.OAuth2ClientAutoConfiguration, org.springframework.boot.autoconfigure.security.oauth2.resource.servlet.OAuth2ResourceServerAutoConfiguration, org.springframework.boot.autoconfigure.security.servlet.SecurityAutoConfiguration, org.springframework.boot.autoconfigure.security.servlet.SecurityFilterAutoConfiguration, org.springframework.boot.autoconfigure.security.servlet.UserDetailsServiceAutoConfiguration, org.springframework.boot.test.autoconfigure.web.servlet.MockMvcSecurityConfiguration]], org.springframework.boot.test.context.filter.ExcludeFilterContextCustomizer@f1b0598, org.springframework.boot.test.json.DuplicateJsonObjectContextCustomizerFactory$DuplicateJsonObjectContextCustomizer@378d75ea, org.springframework.boot.test.mock.mockito.MockitoContextCustomizer@be35ead0, org.springframework.boot.test.context.SpringBootTestArgs@1], resourceBasePath = 'src/main/webapp', contextLoader = 'org.springframework.boot.test.context.SpringBootContextLoader', parent = [null]], attributes = map[[empty]]], class annotated with @DirtiesContext [false] with mode [null].
20:56:52.153 [Test worker] DEBUG org.springframework.test.annotation.ProfileValueUtils - Retrieved @ProfileValueSourceConfiguration [null] for test class [com.ljw.eatgo.interfaces.RestaurantControllerTest]
20:56:52.153 [Test worker] DEBUG org.springframework.test.annotation.ProfileValueUtils - Retrieved ProfileValueSource type [class org.springframework.test.annotation.SystemProfileValueSource] for class [com.ljw.eatgo.interfaces.RestaurantControllerTest]
20:56:52.169 [Test worker] DEBUG org.springframework.test.context.support.TestPropertySourceUtils - Adding inlined properties to environment: {spring.jmx.enabled=false, org.springframework.boot.test.autoconfigure.web.servlet.WebMvcTestContextBootstrapper=true}

  .   ____          _            __ _ _
 /\\ / ___'_ __ _ _(_)_ __  __ _ \ \ \ \
( ( )\___ | '_ | '_| | '_ \/ _` | \ \ \ \
 \\/  ___)| |_)| | | | | || (_| |  ) ) ) )
  '  |____| .__|_| |_|_| |_\__, | / / / /
 =========|_|==============|___/=/_/_/_/
 :: Spring Boot ::        (v2.3.1.RELEASE)

2020-08-10 20:56:57.394  INFO 20955 --- [    Test worker] c.l.e.i.RestaurantControllerTest         : Starting RestaurantControllerTest on ijin-uui-MacBookPro.local with PID 20955 (started by jw.lee in /Users/jw.lee/ljw-study/spring/eatgo/SpringApi/eatgo-customer-api)
2020-08-10 20:56:57.397  INFO 20955 --- [    Test worker] c.l.e.i.RestaurantControllerTest         : No active profile set, falling back to default profiles: default
2020-08-10 20:56:58.092  INFO 20955 --- [    Test worker] o.s.s.concurrent.ThreadPoolTaskExecutor  : Initializing ExecutorService 'applicationTaskExecutor'
2020-08-10 20:56:58.264  INFO 20955 --- [    Test worker] o.s.b.t.m.w.SpringBootMockServletContext : Initializing Spring TestDispatcherServlet ''
2020-08-10 20:56:58.265  INFO 20955 --- [    Test worker] o.s.t.web.servlet.TestDispatcherServlet  : Initializing Servlet ''
2020-08-10 20:56:58.273  INFO 20955 --- [    Test worker] o.s.t.web.servlet.TestDispatcherServlet  : Completed initialization in 8 ms
2020-08-10 20:56:58.293  INFO 20955 --- [    Test worker] c.l.e.i.RestaurantControllerTest         : Started RestaurantControllerTest in 6.117 seconds (JVM running for 7.252)
]]></system-out>
  <system-err><![CDATA[]]></system-err>
</testsuite>
