<?xml version="1.0" encoding="UTF-8"?>
<testsuite name="com.ljw.eatgo.application.RestaurantServiceTest" tests="5" skipped="0" failures="0" errors="0" timestamp="2020-08-10T11:11:07" hostname="ijin-uui-MacBookPro.local" time="0.059">
  <properties/>
  <testcase name="addRestaurant" classname="com.ljw.eatgo.application.RestaurantServiceTest" time="0.051"/>
  <testcase name="getRestaurantWithNotExisted" classname="com.ljw.eatgo.application.RestaurantServiceTest" time="0.003"/>
  <testcase name="getRestaurantWithExisted" classname="com.ljw.eatgo.application.RestaurantServiceTest" time="0.002"/>
  <testcase name="getRestaurants" classname="com.ljw.eatgo.application.RestaurantServiceTest" time="0.001"/>
  <testcase name="updateRestaurant" classname="com.ljw.eatgo.application.RestaurantServiceTest" time="0.001"/>
  <system-out><![CDATA[]]></system-out>
  <system-err><![CDATA[]]></system-err>
</testsuite>
