<?xml version="1.0" encoding="UTF-8"?>
<testsuite name="com.ljw.eatgo.interfaces.ReviewControllerTest" tests="1" skipped="0" failures="0" errors="0" timestamp="2020-08-10T11:56:48" hostname="ijin-uui-MacBookPro.local" time="0.008">
  <properties/>
  <testcase name="list" classname="com.ljw.eatgo.interfaces.ReviewControllerTest" time="0.008"/>
  <system-out><![CDATA[
  .   ____          _            __ _ _
 /\\ / ___'_ __ _ _(_)_ __  __ _ \ \ \ \
( ( )\___ | '_ | '_| | '_ \/ _` | \ \ \ \
 \\/  ___)| |_)| | | | | || (_| |  ) ) ) )
  '  |____| .__|_| |_|_| |_\__, | / / / /
 =========|_|==============|___/=/_/_/_/
 :: Spring Boot ::        (v2.3.1.RELEASE)

2020-08-10 20:56:47.793  INFO 20935 --- [    Test worker] c.l.e.interfaces.ReviewControllerTest    : Starting ReviewControllerTest on ijin-uui-MacBookPro.local with PID 20935 (started by jw.lee in /Users/jw.lee/ljw-study/spring/eatgo/SpringApi/eatgo-admin-api)
2020-08-10 20:56:47.794  INFO 20935 --- [    Test worker] c.l.e.interfaces.ReviewControllerTest    : No active profile set, falling back to default profiles: default
2020-08-10 20:56:48.094  INFO 20935 --- [    Test worker] o.s.s.concurrent.ThreadPoolTaskExecutor  : Initializing ExecutorService 'applicationTaskExecutor'
2020-08-10 20:56:48.177  INFO 20935 --- [    Test worker] o.s.b.t.m.w.SpringBootMockServletContext : Initializing Spring TestDispatcherServlet ''
2020-08-10 20:56:48.178  INFO 20935 --- [    Test worker] o.s.t.web.servlet.TestDispatcherServlet  : Initializing Servlet ''
2020-08-10 20:56:48.187  INFO 20935 --- [    Test worker] o.s.t.web.servlet.TestDispatcherServlet  : Completed initialization in 9 ms
2020-08-10 20:56:48.206  INFO 20935 --- [    Test worker] c.l.e.interfaces.ReviewControllerTest    : Started ReviewControllerTest in 0.43 seconds (JVM running for 8.764)
]]></system-out>
  <system-err><![CDATA[]]></system-err>
</testsuite>
