<?xml version="1.0" encoding="UTF-8"?>
<testsuite name="com.ljw.eatgo.application.ReviewServiceTest" tests="1" skipped="0" failures="0" errors="0" timestamp="2020-08-10T11:56:40" hostname="ijin-uui-MacBookPro.local" time="0.018">
  <properties/>
  <testcase name="getReviews" classname="com.ljw.eatgo.application.ReviewServiceTest" time="0.018"/>
  <system-out><![CDATA[]]></system-out>
  <system-err><![CDATA[]]></system-err>
</testsuite>
