<?xml version="1.0" encoding="UTF-8"?>
<testsuite name="com.ljw.eatgo.application.MenuItemServiceTest" tests="2" skipped="0" failures="0" errors="0" timestamp="2020-08-10T11:56:40" hostname="ijin-uui-MacBookPro.local" time="0.335">
  <properties/>
  <testcase name="getMenuItems" classname="com.ljw.eatgo.application.MenuItemServiceTest" time="0.327"/>
  <testcase name="bulkUpdate" classname="com.ljw.eatgo.application.MenuItemServiceTest" time="0.007"/>
  <system-out><![CDATA[]]></system-out>
  <system-err><![CDATA[]]></system-err>
</testsuite>
