<?xml version="1.0" encoding="UTF-8"?>
<testsuite name="com.ljw.eatgo.application.RestaurantServiceTest" tests="1" skipped="0" failures="0" errors="0" timestamp="2020-08-10T08:03:52" hostname="ijin-uui-MacBookPro.local" time="0.381">
  <properties/>
  <testcase name="getRestaurantWithExisted" classname="com.ljw.eatgo.application.RestaurantServiceTest" time="0.381"/>
  <system-out><![CDATA[]]></system-out>
  <system-err><![CDATA[]]></system-err>
</testsuite>
