<?xml version="1.0" encoding="UTF-8"?>
<testsuite name="com.ljw.eatgo.domain.RestaurantTests" tests="2" skipped="0" failures="0" errors="0" timestamp="2020-07-21T13:12:09" hostname="DESKTOP-5704N4R" time="0.031">
  <properties/>
  <testcase name="infomation()" classname="com.ljw.eatgo.domain.RestaurantTests" time="0.029"/>
  <testcase name="createion()" classname="com.ljw.eatgo.domain.RestaurantTests" time="0.001"/>
  <system-out><![CDATA[]]></system-out>
  <system-err><![CDATA[]]></system-err>
</testsuite>
