<?xml version="1.0" encoding="UTF-8"?>
<testsuite name="com.ljw.eatgo.interfaces.RestaurantControllerTest" tests="2" skipped="0" failures="0" errors="0" timestamp="2020-07-25T11:48:45" hostname="ijin-uui-MacBookPro.local" time="0.098">
  <properties/>
  <testcase name="detail" classname="com.ljw.eatgo.interfaces.RestaurantControllerTest" time="0.092"/>
  <testcase name="list" classname="com.ljw.eatgo.interfaces.RestaurantControllerTest" time="0.005"/>
  <system-out><![CDATA[20:48:38.771 [Test worker] DEBUG org.springframework.test.annotation.ProfileValueUtils - Retrieved @ProfileValueSourceConfiguration [null] for test class [com.ljw.eatgo.interfaces.RestaurantControllerTest]
20:48:38.771 [Test worker] DEBUG org.springframework.test.annotation.ProfileValueUtils - Retrieved ProfileValueSource type [class org.springframework.test.annotation.SystemProfileValueSource] for class [com.ljw.eatgo.interfaces.RestaurantControllerTest]
20:48:38.772 [Test worker] DEBUG org.springframework.test.annotation.ProfileValueUtils - Retrieved @ProfileValueSourceConfiguration [null] for test class [com.ljw.eatgo.interfaces.RestaurantControllerTest]
20:48:38.772 [Test worker] DEBUG org.springframework.test.annotation.ProfileValueUtils - Retrieved ProfileValueSource type [class org.springframework.test.annotation.SystemProfileValueSource] for class [com.ljw.eatgo.interfaces.RestaurantControllerTest]
20:48:38.775 [Test worker] DEBUG org.springframework.test.context.support.AbstractDirtiesContextTestExecutionListener - Before test class: context [DefaultTestContext@6780a10e testClass = RestaurantControllerTest, testInstance = [null], testMethod = [null], testException = [null], mergedContextConfiguration = [WebMergedContextConfiguration@21597207 testClass = RestaurantControllerTest, locations = '{}', classes = '{class com.ljw.eatgo.EatgoApplication}', contextInitializerClasses = '[]', activeProfiles = '{}', propertySourceLocations = '{}', propertySourceProperties = '{org.springframework.boot.test.autoconfigure.web.servlet.WebMvcTestContextBootstrapper=true}', contextCustomizers = set[org.springframework.boot.test.autoconfigure.OverrideAutoConfigurationContextCustomizerFactory$DisableAutoConfigurationContextCustomizer@6d5be551, org.springframework.boot.test.autoconfigure.filter.TypeExcludeFiltersContextCustomizer@de98f297, org.springframework.boot.test.autoconfigure.properties.PropertyMappingContextCustomizer@1d68ef6b, org.springframework.boot.test.autoconfigure.web.servlet.WebDriverContextCustomizerFactory$Customizer@5b8cfc08, [ImportsContextCustomizer@34fe1e1b key = [org.springframework.boot.autoconfigure.cache.CacheAutoConfiguration, org.springframework.boot.autoconfigure.context.MessageSourceAutoConfiguration, org.springframework.boot.autoconfigure.data.web.SpringDataWebAutoConfiguration, org.springframework.boot.autoconfigure.freemarker.FreeMarkerAutoConfiguration, org.springframework.boot.autoconfigure.groovy.template.GroovyTemplateAutoConfiguration, org.springframework.boot.autoconfigure.gson.GsonAutoConfiguration, org.springframework.boot.autoconfigure.hateoas.HypermediaAutoConfiguration, org.springframework.boot.autoconfigure.http.HttpMessageConvertersAutoConfiguration, org.springframework.boot.autoconfigure.jackson.JacksonAutoConfiguration, org.springframework.boot.autoconfigure.jsonb.JsonbAutoConfiguration, org.springframework.boot.autoconfigure.mustache.MustacheAutoConfiguration, org.springframework.boot.autoconfigure.task.TaskExecutionAutoConfiguration, org.springframework.boot.autoconfigure.thymeleaf.ThymeleafAutoConfiguration, org.springframework.boot.autoconfigure.validation.ValidationAutoConfiguration, org.springframework.boot.autoconfigure.web.servlet.error.ErrorMvcAutoConfiguration, org.springframework.boot.autoconfigure.web.servlet.WebMvcAutoConfiguration, org.springframework.boot.test.autoconfigure.web.servlet.MockMvcAutoConfiguration, org.springframework.boot.test.autoconfigure.web.servlet.MockMvcWebClientAutoConfiguration, org.springframework.boot.test.autoconfigure.web.servlet.MockMvcWebDriverAutoConfiguration, org.springframework.boot.autoconfigure.security.oauth2.client.servlet.OAuth2ClientAutoConfiguration, org.springframework.boot.autoconfigure.security.oauth2.resource.servlet.OAuth2ResourceServerAutoConfiguration, org.springframework.boot.autoconfigure.security.servlet.SecurityAutoConfiguration, org.springframework.boot.autoconfigure.security.servlet.SecurityFilterAutoConfiguration, org.springframework.boot.autoconfigure.security.servlet.UserDetailsServiceAutoConfiguration, org.springframework.boot.test.autoconfigure.web.servlet.MockMvcSecurityConfiguration]], org.springframework.boot.test.context.filter.ExcludeFilterContextCustomizer@521f589d, org.springframework.boot.test.json.DuplicateJsonObjectContextCustomizerFactory$DuplicateJsonObjectContextCustomizer@2784a25a, org.springframework.boot.test.mock.mockito.MockitoContextCustomizer@c7d9be73, org.springframework.boot.test.context.SpringBootTestArgs@1], resourceBasePath = 'src/main/webapp', contextLoader = 'org.springframework.boot.test.context.SpringBootContextLoader', parent = [null]], attributes = map[[empty]]], class annotated with @DirtiesContext [false] with mode [null].
20:48:38.776 [Test worker] DEBUG org.springframework.test.annotation.ProfileValueUtils - Retrieved @ProfileValueSourceConfiguration [null] for test class [com.ljw.eatgo.interfaces.RestaurantControllerTest]
20:48:38.777 [Test worker] DEBUG org.springframework.test.annotation.ProfileValueUtils - Retrieved ProfileValueSource type [class org.springframework.test.annotation.SystemProfileValueSource] for class [com.ljw.eatgo.interfaces.RestaurantControllerTest]
20:48:38.793 [Test worker] DEBUG org.springframework.test.context.support.TestPropertySourceUtils - Adding inlined properties to environment: {spring.jmx.enabled=false, org.springframework.boot.test.autoconfigure.web.servlet.WebMvcTestContextBootstrapper=true}

  .   ____          _            __ _ _
 /\\ / ___'_ __ _ _(_)_ __  __ _ \ \ \ \
( ( )\___ | '_ | '_| | '_ \/ _` | \ \ \ \
 \\/  ___)| |_)| | | | | || (_| |  ) ) ) )
  '  |____| .__|_| |_|_| |_\__, | / / / /
 =========|_|==============|___/=/_/_/_/
 :: Spring Boot ::        (v2.3.1.RELEASE)

2020-07-25 20:48:44.008  INFO 15702 --- [    Test worker] c.l.e.i.RestaurantControllerTest         : Starting RestaurantControllerTest on ijin-uui-MacBookPro.local with PID 15702 (started by jw.lee in /Users/jw.lee/ljw-study/spring/eatgo/SpringApi/eatgo-api)
2020-07-25 20:48:44.009  INFO 15702 --- [    Test worker] c.l.e.i.RestaurantControllerTest         : No active profile set, falling back to default profiles: default
2020-07-25 20:48:44.862  INFO 15702 --- [    Test worker] o.s.s.concurrent.ThreadPoolTaskExecutor  : Initializing ExecutorService 'applicationTaskExecutor'
2020-07-25 20:48:45.019  INFO 15702 --- [    Test worker] o.s.b.t.m.w.SpringBootMockServletContext : Initializing Spring TestDispatcherServlet ''
2020-07-25 20:48:45.019  INFO 15702 --- [    Test worker] o.s.t.web.servlet.TestDispatcherServlet  : Initializing Servlet ''
2020-07-25 20:48:45.027  INFO 15702 --- [    Test worker] o.s.t.web.servlet.TestDispatcherServlet  : Completed initialization in 8 ms
2020-07-25 20:48:45.053  INFO 15702 --- [    Test worker] c.l.e.i.RestaurantControllerTest         : Started RestaurantControllerTest in 6.254 seconds (JVM running for 6.89)
]]></system-out>
  <system-err><![CDATA[]]></system-err>
</testsuite>
