<?xml version="1.0" encoding="UTF-8"?>
<testsuite name="com.ljw.eatgo.interfaces.RestaurantControllerTest" tests="2" skipped="0" failures="0" errors="0" timestamp="2020-07-25T10:40:00" hostname="ijin-uui-MacBookPro.local" time="0.101">
  <properties/>
  <testcase name="detail" classname="com.ljw.eatgo.interfaces.RestaurantControllerTest" time="0.093"/>
  <testcase name="list" classname="com.ljw.eatgo.interfaces.RestaurantControllerTest" time="0.007"/>
  <system-out><![CDATA[19:39:54.715 [Test worker] DEBUG org.springframework.test.annotation.ProfileValueUtils - Retrieved @ProfileValueSourceConfiguration [null] for test class [com.ljw.eatgo.interfaces.RestaurantControllerTest]
19:39:54.715 [Test worker] DEBUG org.springframework.test.annotation.ProfileValueUtils - Retrieved ProfileValueSource type [class org.springframework.test.annotation.SystemProfileValueSource] for class [com.ljw.eatgo.interfaces.RestaurantControllerTest]
19:39:54.715 [Test worker] DEBUG org.springframework.test.annotation.ProfileValueUtils - Retrieved @ProfileValueSourceConfiguration [null] for test class [com.ljw.eatgo.interfaces.RestaurantControllerTest]
19:39:54.716 [Test worker] DEBUG org.springframework.test.annotation.ProfileValueUtils - Retrieved ProfileValueSource type [class org.springframework.test.annotation.SystemProfileValueSource] for class [com.ljw.eatgo.interfaces.RestaurantControllerTest]
19:39:54.719 [Test worker] DEBUG org.springframework.test.context.support.AbstractDirtiesContextTestExecutionListener - Before test class: context [DefaultTestContext@7a6b2e97 testClass = RestaurantControllerTest, testInstance = [null], testMethod = [null], testException = [null], mergedContextConfiguration = [WebMergedContextConfiguration@18816805 testClass = RestaurantControllerTest, locations = '{}', classes = '{class com.ljw.eatgo.EatgoApplication}', contextInitializerClasses = '[]', activeProfiles = '{}', propertySourceLocations = '{}', propertySourceProperties = '{org.springframework.boot.test.autoconfigure.web.servlet.WebMvcTestContextBootstrapper=true}', contextCustomizers = set[org.springframework.boot.test.autoconfigure.OverrideAutoConfigurationContextCustomizerFactory$DisableAutoConfigurationContextCustomizer@6709d904, org.springframework.boot.test.autoconfigure.filter.TypeExcludeFiltersContextCustomizer@30686eb6, org.springframework.boot.test.autoconfigure.properties.PropertyMappingContextCustomizer@e51a95ad, org.springframework.boot.test.autoconfigure.web.servlet.WebDriverContextCustomizerFactory$Customizer@74f04a08, [ImportsContextCustomizer@72a2f858 key = [org.springframework.boot.autoconfigure.cache.CacheAutoConfiguration, org.springframework.boot.autoconfigure.context.MessageSourceAutoConfiguration, org.springframework.boot.autoconfigure.data.web.SpringDataWebAutoConfiguration, org.springframework.boot.autoconfigure.freemarker.FreeMarkerAutoConfiguration, org.springframework.boot.autoconfigure.groovy.template.GroovyTemplateAutoConfiguration, org.springframework.boot.autoconfigure.gson.GsonAutoConfiguration, org.springframework.boot.autoconfigure.hateoas.HypermediaAutoConfiguration, org.springframework.boot.autoconfigure.http.HttpMessageConvertersAutoConfiguration, org.springframework.boot.autoconfigure.jackson.JacksonAutoConfiguration, org.springframework.boot.autoconfigure.jsonb.JsonbAutoConfiguration, org.springframework.boot.autoconfigure.mustache.MustacheAutoConfiguration, org.springframework.boot.autoconfigure.task.TaskExecutionAutoConfiguration, org.springframework.boot.autoconfigure.thymeleaf.ThymeleafAutoConfiguration, org.springframework.boot.autoconfigure.validation.ValidationAutoConfiguration, org.springframework.boot.autoconfigure.web.servlet.error.ErrorMvcAutoConfiguration, org.springframework.boot.autoconfigure.web.servlet.WebMvcAutoConfiguration, org.springframework.boot.test.autoconfigure.web.servlet.MockMvcAutoConfiguration, org.springframework.boot.test.autoconfigure.web.servlet.MockMvcWebClientAutoConfiguration, org.springframework.boot.test.autoconfigure.web.servlet.MockMvcWebDriverAutoConfiguration, org.springframework.boot.autoconfigure.security.oauth2.client.servlet.OAuth2ClientAutoConfiguration, org.springframework.boot.autoconfigure.security.oauth2.resource.servlet.OAuth2ResourceServerAutoConfiguration, org.springframework.boot.autoconfigure.security.servlet.SecurityAutoConfiguration, org.springframework.boot.autoconfigure.security.servlet.SecurityFilterAutoConfiguration, org.springframework.boot.autoconfigure.security.servlet.UserDetailsServiceAutoConfiguration, org.springframework.boot.test.autoconfigure.web.servlet.MockMvcSecurityConfiguration]], org.springframework.boot.test.context.filter.ExcludeFilterContextCustomizer@6a8169d1, org.springframework.boot.test.json.DuplicateJsonObjectContextCustomizerFactory$DuplicateJsonObjectContextCustomizer@29c4d3f6, org.springframework.boot.test.mock.mockito.MockitoContextCustomizer@4af6b87a, org.springframework.boot.test.context.SpringBootTestArgs@1], resourceBasePath = 'src/main/webapp', contextLoader = 'org.springframework.boot.test.context.SpringBootContextLoader', parent = [null]], attributes = map[[empty]]], class annotated with @DirtiesContext [false] with mode [null].
19:39:54.720 [Test worker] DEBUG org.springframework.test.annotation.ProfileValueUtils - Retrieved @ProfileValueSourceConfiguration [null] for test class [com.ljw.eatgo.interfaces.RestaurantControllerTest]
19:39:54.720 [Test worker] DEBUG org.springframework.test.annotation.ProfileValueUtils - Retrieved ProfileValueSource type [class org.springframework.test.annotation.SystemProfileValueSource] for class [com.ljw.eatgo.interfaces.RestaurantControllerTest]
19:39:54.745 [Test worker] DEBUG org.springframework.test.context.support.TestPropertySourceUtils - Adding inlined properties to environment: {spring.jmx.enabled=false, org.springframework.boot.test.autoconfigure.web.servlet.WebMvcTestContextBootstrapper=true}

  .   ____          _            __ _ _
 /\\ / ___'_ __ _ _(_)_ __  __ _ \ \ \ \
( ( )\___ | '_ | '_| | '_ \/ _` | \ \ \ \
 \\/  ___)| |_)| | | | | || (_| |  ) ) ) )
  '  |____| .__|_| |_|_| |_\__, | / / / /
 =========|_|==============|___/=/_/_/_/
 :: Spring Boot ::        (v2.3.1.RELEASE)

2020-07-25 19:39:59.966  INFO 13202 --- [    Test worker] c.l.e.i.RestaurantControllerTest         : Starting RestaurantControllerTest on ijin-uui-MacBookPro.local with PID 13202 (started by jw.lee in /Users/jw.lee/ljw-study/spring/eatgo/SpringApi/eatgo-api)
2020-07-25 19:39:59.968  INFO 13202 --- [    Test worker] c.l.e.i.RestaurantControllerTest         : No active profile set, falling back to default profiles: default
2020-07-25 19:40:00.789  INFO 13202 --- [    Test worker] o.s.s.concurrent.ThreadPoolTaskExecutor  : Initializing ExecutorService 'applicationTaskExecutor'
2020-07-25 19:40:00.927  INFO 13202 --- [    Test worker] o.s.b.t.m.w.SpringBootMockServletContext : Initializing Spring TestDispatcherServlet ''
2020-07-25 19:40:00.927  INFO 13202 --- [    Test worker] o.s.t.web.servlet.TestDispatcherServlet  : Initializing Servlet ''
2020-07-25 19:40:00.934  INFO 13202 --- [    Test worker] o.s.t.web.servlet.TestDispatcherServlet  : Completed initialization in 6 ms
2020-07-25 19:40:00.950  INFO 13202 --- [    Test worker] c.l.e.i.RestaurantControllerTest         : Started RestaurantControllerTest in 6.199 seconds (JVM running for 6.861)
]]></system-out>
  <system-err><![CDATA[]]></system-err>
</testsuite>
