<?xml version="1.0" encoding="UTF-8"?>
<testsuite name="com.ljw.eatgo.interfaces.RestaurantControllerTest" tests="1" skipped="0" failures="0" errors="0" timestamp="2020-08-02T08:56:37" hostname="DESKTOP-5704N4R" time="0.209">
  <properties/>
  <testcase name="detail" classname="com.ljw.eatgo.interfaces.RestaurantControllerTest" time="0.209"/>
  <system-out><![CDATA[17:56:34.674 [Test worker] DEBUG org.springframework.test.annotation.ProfileValueUtils - Retrieved @ProfileValueSourceConfiguration [null] for test class [com.ljw.eatgo.interfaces.RestaurantControllerTest]
17:56:34.675 [Test worker] DEBUG org.springframework.test.annotation.ProfileValueUtils - Retrieved ProfileValueSource type [class org.springframework.test.annotation.SystemProfileValueSource] for class [com.ljw.eatgo.interfaces.RestaurantControllerTest]
17:56:34.676 [Test worker] DEBUG org.springframework.test.annotation.ProfileValueUtils - Retrieved @ProfileValueSourceConfiguration [null] for test class [com.ljw.eatgo.interfaces.RestaurantControllerTest]
17:56:34.676 [Test worker] DEBUG org.springframework.test.annotation.ProfileValueUtils - Retrieved ProfileValueSource type [class org.springframework.test.annotation.SystemProfileValueSource] for class [com.ljw.eatgo.interfaces.RestaurantControllerTest]
17:56:34.685 [Test worker] DEBUG org.springframework.test.context.support.AbstractDirtiesContextTestExecutionListener - Before test class: context [DefaultTestContext@6df9a4e2 testClass = RestaurantControllerTest, testInstance = [null], testMethod = [null], testException = [null], mergedContextConfiguration = [WebMergedContextConfiguration@19e8769b testClass = RestaurantControllerTest, locations = '{}', classes = '{class com.ljw.eatgo.EatgoApplication}', contextInitializerClasses = '[]', activeProfiles = '{}', propertySourceLocations = '{}', propertySourceProperties = '{org.springframework.boot.test.autoconfigure.web.servlet.WebMvcTestContextBootstrapper=true}', contextCustomizers = set[org.springframework.boot.test.autoconfigure.OverrideAutoConfigurationContextCustomizerFactory$DisableAutoConfigurationContextCustomizer@24d0867e, org.springframework.boot.test.autoconfigure.filter.TypeExcludeFiltersContextCustomizer@e466180a, org.springframework.boot.test.autoconfigure.properties.PropertyMappingContextCustomizer@f4ea4f8e, org.springframework.boot.test.autoconfigure.web.servlet.WebDriverContextCustomizerFactory$Customizer@240810d5, [ImportsContextCustomizer@3e2c3de2 key = [org.springframework.boot.autoconfigure.cache.CacheAutoConfiguration, org.springframework.boot.autoconfigure.context.MessageSourceAutoConfiguration, org.springframework.boot.autoconfigure.data.web.SpringDataWebAutoConfiguration, org.springframework.boot.autoconfigure.freemarker.FreeMarkerAutoConfiguration, org.springframework.boot.autoconfigure.groovy.template.GroovyTemplateAutoConfiguration, org.springframework.boot.autoconfigure.gson.GsonAutoConfiguration, org.springframework.boot.autoconfigure.hateoas.HypermediaAutoConfiguration, org.springframework.boot.autoconfigure.http.HttpMessageConvertersAutoConfiguration, org.springframework.boot.autoconfigure.jackson.JacksonAutoConfiguration, org.springframework.boot.autoconfigure.jsonb.JsonbAutoConfiguration, org.springframework.boot.autoconfigure.mustache.MustacheAutoConfiguration, org.springframework.boot.autoconfigure.task.TaskExecutionAutoConfiguration, org.springframework.boot.autoconfigure.thymeleaf.ThymeleafAutoConfiguration, org.springframework.boot.autoconfigure.validation.ValidationAutoConfiguration, org.springframework.boot.autoconfigure.web.servlet.error.ErrorMvcAutoConfiguration, org.springframework.boot.autoconfigure.web.servlet.WebMvcAutoConfiguration, org.springframework.boot.test.autoconfigure.web.servlet.MockMvcAutoConfiguration, org.springframework.boot.test.autoconfigure.web.servlet.MockMvcWebClientAutoConfiguration, org.springframework.boot.test.autoconfigure.web.servlet.MockMvcWebDriverAutoConfiguration, org.springframework.boot.autoconfigure.security.oauth2.client.servlet.OAuth2ClientAutoConfiguration, org.springframework.boot.autoconfigure.security.oauth2.resource.servlet.OAuth2ResourceServerAutoConfiguration, org.springframework.boot.autoconfigure.security.servlet.SecurityAutoConfiguration, org.springframework.boot.autoconfigure.security.servlet.SecurityFilterAutoConfiguration, org.springframework.boot.autoconfigure.security.servlet.UserDetailsServiceAutoConfiguration, org.springframework.boot.test.autoconfigure.web.servlet.MockMvcSecurityConfiguration]], org.springframework.boot.test.context.filter.ExcludeFilterContextCustomizer@5cac99fb, org.springframework.boot.test.json.DuplicateJsonObjectContextCustomizerFactory$DuplicateJsonObjectContextCustomizer@61065774, org.springframework.boot.test.mock.mockito.MockitoContextCustomizer@31334dcd, org.springframework.boot.test.context.SpringBootTestArgs@1], resourceBasePath = 'src/main/webapp', contextLoader = 'org.springframework.boot.test.context.SpringBootContextLoader', parent = [null]], attributes = map[[empty]]], class annotated with @DirtiesContext [false] with mode [null].
17:56:34.688 [Test worker] DEBUG org.springframework.test.annotation.ProfileValueUtils - Retrieved @ProfileValueSourceConfiguration [null] for test class [com.ljw.eatgo.interfaces.RestaurantControllerTest]
17:56:34.688 [Test worker] DEBUG org.springframework.test.annotation.ProfileValueUtils - Retrieved ProfileValueSource type [class org.springframework.test.annotation.SystemProfileValueSource] for class [com.ljw.eatgo.interfaces.RestaurantControllerTest]
17:56:34.721 [Test worker] DEBUG org.springframework.test.context.support.TestPropertySourceUtils - Adding inlined properties to environment: {spring.jmx.enabled=false, org.springframework.boot.test.autoconfigure.web.servlet.WebMvcTestContextBootstrapper=true}

  .   ____          _            __ _ _
 /\\ / ___'_ __ _ _(_)_ __  __ _ \ \ \ \
( ( )\___ | '_ | '_| | '_ \/ _` | \ \ \ \
 \\/  ___)| |_)| | | | | || (_| |  ) ) ) )
  '  |____| .__|_| |_|_| |_\__, | / / / /
 =========|_|==============|___/=/_/_/_/
 :: Spring Boot ::        (v2.3.1.RELEASE)

2020-08-02 17:56:35.132  INFO 14620 --- [    Test worker] c.l.e.i.RestaurantControllerTest         : Starting RestaurantControllerTest on DESKTOP-5704N4R with PID 14620 (started by LJW in C:\ljw-study\spring-api\workspace\SpringApi\eatgo-api)
2020-08-02 17:56:35.135  INFO 14620 --- [    Test worker] c.l.e.i.RestaurantControllerTest         : No active profile set, falling back to default profiles: default
2020-08-02 17:56:36.947  INFO 14620 --- [    Test worker] o.s.s.concurrent.ThreadPoolTaskExecutor  : Initializing ExecutorService 'applicationTaskExecutor'
2020-08-02 17:56:37.288  INFO 14620 --- [    Test worker] o.s.b.t.m.w.SpringBootMockServletContext : Initializing Spring TestDispatcherServlet ''
2020-08-02 17:56:37.288  INFO 14620 --- [    Test worker] o.s.t.web.servlet.TestDispatcherServlet  : Initializing Servlet ''
2020-08-02 17:56:37.309  INFO 14620 --- [    Test worker] o.s.t.web.servlet.TestDispatcherServlet  : Completed initialization in 20 ms
2020-08-02 17:56:37.358  INFO 14620 --- [    Test worker] c.l.e.i.RestaurantControllerTest         : Started RestaurantControllerTest in 2.623 seconds (JVM running for 4.073)
]]></system-out>
  <system-err><![CDATA[]]></system-err>
</testsuite>
