<?xml version="1.0" encoding="UTF-8"?>
<testsuite name="com.ljw.eatgo.EatgoApplicationTests" tests="1" skipped="0" failures="0" errors="0" timestamp="2020-07-19T14:29:08" hostname="ijin-uui-MacBookPro.local" time="0.262">
  <properties/>
  <testcase name="contextLoads()" classname="com.ljw.eatgo.EatgoApplicationTests" time="0.262"/>
  <system-out><![CDATA[23:29:01.802 [Test worker] DEBUG org.springframework.test.context.BootstrapUtils - Instantiating CacheAwareContextLoaderDelegate from class [org.springframework.test.context.cache.DefaultCacheAwareContextLoaderDelegate]
23:29:01.811 [Test worker] DEBUG org.springframework.test.context.BootstrapUtils - Instantiating BootstrapContext using constructor [public org.springframework.test.context.support.DefaultBootstrapContext(java.lang.Class,org.springframework.test.context.CacheAwareContextLoaderDelegate)]
23:29:01.832 [Test worker] DEBUG org.springframework.test.context.BootstrapUtils - Instantiating TestContextBootstrapper for test class [com.ljw.eatgo.EatgoApplicationTests] from class [org.springframework.boot.test.context.SpringBootTestContextBootstrapper]
23:29:01.842 [Test worker] INFO org.springframework.boot.test.context.SpringBootTestContextBootstrapper - Neither @ContextConfiguration nor @ContextHierarchy found for test class [com.ljw.eatgo.EatgoApplicationTests], using SpringBootContextLoader
23:29:01.846 [Test worker] DEBUG org.springframework.test.context.support.AbstractContextLoader - Did not detect default resource location for test class [com.ljw.eatgo.EatgoApplicationTests]: class path resource [com/ljw/eatgo/EatgoApplicationTests-context.xml] does not exist
23:29:01.846 [Test worker] DEBUG org.springframework.test.context.support.AbstractContextLoader - Did not detect default resource location for test class [com.ljw.eatgo.EatgoApplicationTests]: class path resource [com/ljw/eatgo/EatgoApplicationTestsContext.groovy] does not exist
23:29:01.847 [Test worker] INFO org.springframework.test.context.support.AbstractContextLoader - Could not detect default resource locations for test class [com.ljw.eatgo.EatgoApplicationTests]: no resource found for suffixes {-context.xml, Context.groovy}.
23:29:01.848 [Test worker] INFO org.springframework.test.context.support.AnnotationConfigContextLoaderUtils - Could not detect default configuration classes for test class [com.ljw.eatgo.EatgoApplicationTests]: EatgoApplicationTests does not declare any static, non-private, non-final, nested classes annotated with @Configuration.
23:29:01.873 [Test worker] DEBUG org.springframework.test.context.support.ActiveProfilesUtils - Could not find an 'annotation declaring class' for annotation type [org.springframework.test.context.ActiveProfiles] and class [com.ljw.eatgo.EatgoApplicationTests]
23:29:01.911 [Test worker] DEBUG org.springframework.context.annotation.ClassPathScanningCandidateComponentProvider - Identified candidate component class: file [/Users/jw.lee/ljw-study/spring/eatgo/eatgo/eatgo-api/build/classes/java/main/com/ljw/eatgo/EatgoApplication.class]
23:29:01.912 [Test worker] INFO org.springframework.boot.test.context.SpringBootTestContextBootstrapper - Found @SpringBootConfiguration com.ljw.eatgo.EatgoApplication for test class com.ljw.eatgo.EatgoApplicationTests
23:29:01.976 [Test worker] DEBUG org.springframework.boot.test.context.SpringBootTestContextBootstrapper - @TestExecutionListeners is not present for class [com.ljw.eatgo.EatgoApplicationTests]: using defaults.
23:29:01.976 [Test worker] INFO org.springframework.boot.test.context.SpringBootTestContextBootstrapper - Loaded default TestExecutionListener class names from location [META-INF/spring.factories]: [org.springframework.boot.test.autoconfigure.restdocs.RestDocsTestExecutionListener, org.springframework.boot.test.autoconfigure.web.client.MockRestServiceServerResetTestExecutionListener, org.springframework.boot.test.autoconfigure.web.servlet.MockMvcPrintOnlyOnFailureTestExecutionListener, org.springframework.boot.test.autoconfigure.web.servlet.WebDriverTestExecutionListener, org.springframework.boot.test.autoconfigure.webservices.client.MockWebServiceServerTestExecutionListener, org.springframework.boot.test.mock.mockito.MockitoTestExecutionListener, org.springframework.boot.test.mock.mockito.ResetMocksTestExecutionListener, org.springframework.test.context.web.ServletTestExecutionListener, org.springframework.test.context.support.DirtiesContextBeforeModesTestExecutionListener, org.springframework.test.context.support.DependencyInjectionTestExecutionListener, org.springframework.test.context.support.DirtiesContextTestExecutionListener, org.springframework.test.context.transaction.TransactionalTestExecutionListener, org.springframework.test.context.jdbc.SqlScriptsTestExecutionListener, org.springframework.test.context.event.EventPublishingTestExecutionListener]
23:29:01.984 [Test worker] DEBUG org.springframework.boot.test.context.SpringBootTestContextBootstrapper - Skipping candidate TestExecutionListener [org.springframework.test.context.transaction.TransactionalTestExecutionListener] due to a missing dependency. Specify custom listener classes or make the default listener classes and their required dependencies available. Offending class: [org/springframework/transaction/interceptor/TransactionAttributeSource]
23:29:01.985 [Test worker] DEBUG org.springframework.boot.test.context.SpringBootTestContextBootstrapper - Skipping candidate TestExecutionListener [org.springframework.test.context.jdbc.SqlScriptsTestExecutionListener] due to a missing dependency. Specify custom listener classes or make the default listener classes and their required dependencies available. Offending class: [org/springframework/transaction/interceptor/TransactionAttribute]
23:29:01.985 [Test worker] INFO org.springframework.boot.test.context.SpringBootTestContextBootstrapper - Using TestExecutionListeners: [org.springframework.test.context.web.ServletTestExecutionListener@559ad70a, org.springframework.test.context.support.DirtiesContextBeforeModesTestExecutionListener@25be1459, org.springframework.boot.test.mock.mockito.MockitoTestExecutionListener@5518486b, org.springframework.boot.test.autoconfigure.SpringBootDependencyInjectionTestExecutionListener@1c96d29c, org.springframework.test.context.support.DirtiesContextTestExecutionListener@1fb77483, org.springframework.test.context.event.EventPublishingTestExecutionListener@4a7eb7f0, org.springframework.boot.test.autoconfigure.restdocs.RestDocsTestExecutionListener@5db2e5c4, org.springframework.boot.test.autoconfigure.web.client.MockRestServiceServerResetTestExecutionListener@771adedc, org.springframework.boot.test.autoconfigure.web.servlet.MockMvcPrintOnlyOnFailureTestExecutionListener@53adbfd0, org.springframework.boot.test.autoconfigure.web.servlet.WebDriverTestExecutionListener@6c534362, org.springframework.boot.test.autoconfigure.webservices.client.MockWebServiceServerTestExecutionListener@260517e9, org.springframework.boot.test.mock.mockito.ResetMocksTestExecutionListener@7c8d1cb]
23:29:01.992 [Test worker] DEBUG org.springframework.test.context.support.AbstractDirtiesContextTestExecutionListener - Before test class: context [DefaultTestContext@7f1f0bc testClass = EatgoApplicationTests, testInstance = [null], testMethod = [null], testException = [null], mergedContextConfiguration = [WebMergedContextConfiguration@741e95a1 testClass = EatgoApplicationTests, locations = '{}', classes = '{class com.ljw.eatgo.EatgoApplication}', contextInitializerClasses = '[]', activeProfiles = '{}', propertySourceLocations = '{}', propertySourceProperties = '{org.springframework.boot.test.context.SpringBootTestContextBootstrapper=true}', contextCustomizers = set[org.springframework.boot.test.autoconfigure.properties.PropertyMappingContextCustomizer@0, org.springframework.boot.test.autoconfigure.web.servlet.WebDriverContextCustomizerFactory$Customizer@2db7ca09, org.springframework.boot.test.context.filter.ExcludeFilterContextCustomizer@7e485022, org.springframework.boot.test.json.DuplicateJsonObjectContextCustomizerFactory$DuplicateJsonObjectContextCustomizer@65079b9e, org.springframework.boot.test.mock.mockito.MockitoContextCustomizer@0, org.springframework.boot.test.web.client.TestRestTemplateContextCustomizer@24f3b7fc, org.springframework.boot.test.context.SpringBootTestArgs@1], resourceBasePath = 'src/main/webapp', contextLoader = 'org.springframework.boot.test.context.SpringBootContextLoader', parent = [null]], attributes = map['org.springframework.test.context.web.ServletTestExecutionListener.activateListener' -> true]], class annotated with @DirtiesContext [false] with mode [null].
23:29:02.012 [Test worker] DEBUG org.springframework.test.context.support.TestPropertySourceUtils - Adding inlined properties to environment: {spring.jmx.enabled=false, org.springframework.boot.test.context.SpringBootTestContextBootstrapper=true}

  .   ____          _            __ _ _
 /\\ / ___'_ __ _ _(_)_ __  __ _ \ \ \ \
( ( )\___ | '_ | '_| | '_ \/ _` | \ \ \ \
 \\/  ___)| |_)| | | | | || (_| |  ) ) ) )
  '  |____| .__|_| |_|_| |_\__, | / / / /
 =========|_|==============|___/=/_/_/_/
 :: Spring Boot ::        (v2.3.1.RELEASE)

2020-07-19 23:29:07.184  INFO 4673 --- [    Test worker] com.ljw.eatgo.EatgoApplicationTests      : Starting EatgoApplicationTests on ijin-uui-MacBookPro.local with PID 4673 (started by jw.lee in /Users/jw.lee/ljw-study/spring/eatgo/eatgo/eatgo-api)
2020-07-19 23:29:07.185  INFO 4673 --- [    Test worker] com.ljw.eatgo.EatgoApplicationTests      : No active profile set, falling back to default profiles: default
2020-07-19 23:29:08.012  INFO 4673 --- [    Test worker] o.s.s.concurrent.ThreadPoolTaskExecutor  : Initializing ExecutorService 'applicationTaskExecutor'
2020-07-19 23:29:08.194  INFO 4673 --- [    Test worker] com.ljw.eatgo.EatgoApplicationTests      : Started EatgoApplicationTests in 6.175 seconds (JVM running for 6.898)
]]></system-out>
  <system-err><![CDATA[]]></system-err>
</testsuite>
